<?xml version="1.0" encoding="UTF-8"?>
<!-- Generated by org.testng.reporters.JUnitReportReporter -->
<testsuite hostname="DESKTOP-JEEIR2S" failures="0" tests="1" name="Tests.Menu6test" time="117.830" errors="0" timestamp="2023-08-10T12:42:44 IST" skipped="0">
  <testcase classname="Tests.Menu6test" name="perform" time="117.830"/>
  <system-out/>
</testsuite> <!-- Tests.Menu6test -->
