<?xml version="1.0" encoding="UTF-8"?>
<!-- Generated by org.testng.reporters.JUnitReportReporter -->
<testsuite hostname="DESKTOP-JEEIR2S" failures="0" tests="1" name="Tests.SigninTest" time="71.861" errors="0" timestamp="2023-08-10T12:42:44 IST" skipped="0">
  <testcase classname="Tests.SigninTest" name="signin3" time="71.861"/>
  <system-out/>
</testsuite> <!-- Tests.SigninTest -->
