<?xml version="1.0" encoding="UTF-8"?>
<!-- Generated by org.testng.reporters.JUnitReportReporter -->
<testsuite hostname="DESKTOP-JEEIR2S" failures="0" tests="1" name="Tests.Menu1test" time="128.810" errors="0" timestamp="2023-08-10T12:42:44 IST" skipped="0">
  <testcase classname="Tests.Menu1test" name="perform" time="128.810"/>
  <system-out/>
</testsuite> <!-- Tests.Menu1test -->
