<?xml version="1.0" encoding="UTF-8"?>
<!-- Generated by org.testng.reporters.JUnitReportReporter -->
<testsuite hostname="DESKTOP-JEEIR2S" failures="0" tests="1" name="Tests.HomePage" time="69.746" errors="0" timestamp="2023-06-18T11:33:19 IST" skipped="0">
  <testcase classname="Tests.HomePage" name="Home" time="69.746"/>
  <system-out/>
</testsuite> <!-- Tests.HomePage -->
